<?xml version="1.0" encoding="UTF-8"?><testsuite errors="0" failures="1" name="Title of your feature" skipped="0" tests="1" time="52.71" timestamp="2019-11-17T21:16:15.399-05:00[America/Bogota]"><testcase name="Buscar vuelo de ida para 5 personas siendo el pasaje mas caro"><failure message="The following error occurred: Expected enabled element was not enabled&#10;Build info: version: '3.7.1', revision: '8a0099a', time: '2017-11-06T21:01:39.354Z'&#10;System info: host: 'CHEKO-MVL', ip: '192.168.39.124', os.name: 'Windows 10', os.arch: 'amd64', os.version: '10.0', java.version: '1.8.0_181'&#10;Driver info: driver.version: unknown" type="net.thucydides.core.webdriver.exceptions.ElementShouldBeEnabledException">The following error occurred: Expected enabled element was not enabled
Build info: version: '3.7.1', revision: '8a0099a', time: '2017-11-06T21:01:39.354Z'
System info: host: 'CHEKO-MVL', ip: '192.168.39.124', os.name: 'Windows 10', os.arch: 'amd64', os.version: '10.0', java.version: '1.8.0_181'
Driver info: driver.version: unknown</failure><system-err>The following error occurred: Expected enabled element was not enabled
Build info: version: '3.7.1', revision: '8a0099a', time: '2017-11-06T21:01:39.354Z'
System info: host: 'CHEKO-MVL', ip: '192.168.39.124', os.name: 'Windows 10', os.arch: 'amd64', os.version: '10.0', java.version: '1.8.0_181'
Driver info: driver.version: unknown&#13;
tcs.semillero.diego.proyDespegar.pageObjects.PageConfigurarVuelo.elegirCiudadOrigen(PageConfigurarVuelo.java:52)&#13;
tcs.semillero.diego.proyDespegar.steps.StepConfigurarVuelo.configurar_datos_basicos_del_vuelo(StepConfigurarVuelo.java:19)&#13;
tcs.semillero.diego.proyDespegar.definitions.DefinitionConfiguracionVuelo.configurar_datos_basicos_del_vuelo(DefinitionConfiguracionVuelo.java:21)&#13;
cucumber.runner.Runner.runPickle(Runner.java:80)&#13;
org.eclipse.jdt.internal.junit4.runner.JUnit4TestReference.run(JUnit4TestReference.java:89)&#13;
org.eclipse.jdt.internal.junit.runner.TestExecution.run(TestExecution.java:41)&#13;
org.eclipse.jdt.internal.junit.runner.RemoteTestRunner.runTests(RemoteTestRunner.java:541)&#13;
org.eclipse.jdt.internal.junit.runner.RemoteTestRunner.runTests(RemoteTestRunner.java:763)&#13;
org.eclipse.jdt.internal.junit.runner.RemoteTestRunner.run(RemoteTestRunner.java:463)&#13;
org.eclipse.jdt.internal.junit.runner.RemoteTestRunner.main(RemoteTestRunner.java:209)&#13;
</system-err></testcase></testsuite>