<?xml version="1.0" encoding="UTF-8"?><testsuite errors="0" failures="1" name="Title of your feature" skipped="0" tests="1" time="79.8" timestamp="2019-11-18T09:30:05.116-05:00[America/Bogota]"><testcase name="Buscar vuelo de ida para 5 personas siendo el pasaje mas caro"><failure message="expected:&lt;4482623&gt; but was:&lt;3814190&gt;" type="junit.framework.AssertionFailedError">expected:&lt;4482623&gt; but was:&lt;3814190&gt;</failure><system-err>expected:&lt;4482623&gt; but was:&lt;3814190&gt;&#13;
junit.framework.Assert.fail(Assert.java:57)&#13;
junit.framework.Assert.failNotEquals(Assert.java:329)&#13;
junit.framework.Assert.assertEquals(Assert.java:78)&#13;
junit.framework.Assert.assertEquals(Assert.java:234)&#13;
junit.framework.Assert.assertEquals(Assert.java:241)&#13;
tcs.semillero.diego.proyDespegar.steps.StepPrecioMasCaro.verficar_el_mayor_precio(StepPrecioMasCaro.java:18)&#13;
tcs.semillero.diego.proyDespegar.definitions.DefinitionPrecioMasCaro.verficar_el_mayor_precio(DefinitionPrecioMasCaro.java:13)&#13;
✽.verficar el mayor precio(src/test/resources/features/casoPrueba3.feature:28)&#13;
</system-err></testcase></testsuite>